<?xml version="1.0" encoding="UTF-8"?>
<!-- Generated by org.testng.reporters.JUnitXMLReporter -->
<testsuite hostname="NGBLR-00763" name="Test1" tests="3" failures="1" timestamp="17 Nov 2020 08:40:03 GMT" time="11.553" errors="0">
  <testcase name="@AfterTest tearDown" time="0.0" classname="Academy.HomePage">
    <failure type="java.lang.NullPointerException">
      <![CDATA[java.lang.NullPointerException
	at Academy.ValidateTitle.tearDown(ValidateTitle.java:26)
... Removed 22 stack frames]]>
    </failure>
  </testcase> <!-- @AfterTest tearDown -->
  <testcase name="baseNavigation" time="6.845" classname="Academy.HomePage"/>
  <testcase name="baseNavigation" time="1.579" classname="Academy.HomePage"/>
  <testcase name="pNet" time="0.001" classname="Academy.ValidateTitle">
    <failure type="java.lang.NullPointerException">
      <![CDATA[java.lang.NullPointerException
	at pageObjects.LandingPage.getTitle(LandingPage.java:26)
	at Academy.ValidateTitle.pNet(ValidateTitle.java:19)
... Removed 24 stack frames]]>
    </failure>
  </testcase> <!-- pNet -->
</testsuite> <!-- Test1 -->
