<?xml version="1.0" encoding="UTF-8"?>
<!-- Generated by org.testng.reporters.JUnitXMLReporter -->
<testsuite hostname="NGBLR-00763" name="Validate Home Page" tests="2" failures="0" timestamp="19 Nov 2020 15:15:04 GMT" time="0.036" errors="0">
  <testcase name="@BeforeTest initialize" time="0.0" classname="Academy.HomePage">
    <failure type="java.lang.NullPointerException">
      <![CDATA[java.lang.NullPointerException
	at resources.Base.initializeDriver(Base.java:32)
	at Academy.HomePage.initialize(HomePage.java:23)
	at java.util.concurrent.FutureTask.run(Unknown Source)
	at java.util.concurrent.ThreadPoolExecutor.runWorker(Unknown Source)
	at java.util.concurrent.ThreadPoolExecutor$Worker.run(Unknown Source)
	at java.lang.Thread.run(Unknown Source)
... Removed 14 stack frames]]>
    </failure>
  </testcase> <!-- @BeforeTest initialize -->
  <testcase name="@AfterTest tearDown" time="0.0" classname="Academy.HomePage">
    <skipped/>
  </testcase> <!-- @AfterTest tearDown -->
  <testcase name="baseNavigation" time="0.001" classname="Academy.HomePage">
    <skipped/>
  </testcase> <!-- baseNavigation -->
  <testcase name="baseNavigation" time="0.002" classname="Academy.HomePage">
    <skipped/>
  </testcase> <!-- baseNavigation -->
</testsuite> <!-- Validate Home Page -->
