<?xml version="1.0" encoding="UTF-8"?>
<testng-results skipped="0" failed="0" total="1" passed="1">
  <reporter-output>
  </reporter-output>
  <suite name="Suite" duration-ms="30299" started-at="2020-11-22T22:57:30Z" finished-at="2020-11-22T22:58:00Z">
    <groups>
      <group name="cucumber">
        <method signature="AbstractTestNGCucumberTests.feature(cucumber.api.testng.CucumberFeatureWrapper)[pri:0, instance:cucumberOptions.TestRunner@3e6fa38a]" name="feature" class="cucumber.api.testng.AbstractTestNGCucumberTests"/>
      </group> <!-- cucumber -->
    </groups>
    <test name="Validate Login" duration-ms="30299" started-at="2020-11-22T22:57:30Z" finished-at="2020-11-22T22:58:00Z">
      <class name="cucumberOptions.TestRunner">
        <test-method status="PASS" signature="setUpClass()[pri:0, instance:cucumberOptions.TestRunner@3e6fa38a]" name="setUpClass" is-config="true" duration-ms="207" started-at="2020-11-23T04:27:30Z" finished-at="2020-11-23T04:27:30Z">
          <reporter-output>
          </reporter-output>
        </test-method> <!-- setUpClass -->
        <test-method status="PASS" signature="feature(cucumber.api.testng.CucumberFeatureWrapper)[pri:0, instance:cucumberOptions.TestRunner@3e6fa38a]" name="feature" duration-ms="30007" started-at="2020-11-23T04:27:30Z" description="Runs Cucumber Feature" data-provider="features" finished-at="2020-11-23T04:28:00Z">
          <params>
            <param index="0">
              <value>
                <![CDATA[Login into Application]]>
              </value>
            </param>
          </params>
          <reporter-output>
          </reporter-output>
        </test-method> <!-- feature -->
        <test-method status="PASS" signature="tearDownClass()[pri:0, instance:cucumberOptions.TestRunner@3e6fa38a]" name="tearDownClass" is-config="true" duration-ms="7" started-at="2020-11-23T04:28:00Z" finished-at="2020-11-23T04:28:00Z">
          <reporter-output>
          </reporter-output>
        </test-method> <!-- tearDownClass -->
      </class> <!-- cucumberOptions.TestRunner -->
    </test> <!-- Validate Login -->
  </suite> <!-- Suite -->
</testng-results>
